0 info it worked if it ends with ok
1 verbose cli [ '/usr/bin/node', '/usr/local/bin/npm', 'run', 'migrate' ]
2 info using npm@3.10.10
3 info using node@v10.19.0
4 verbose run-script [ 'premigrate', 'migrate', 'postmigrate' ]
5 info lifecycle wepad-backend@1.0.0~premigrate: wepad-backend@1.0.0
6 silly lifecycle wepad-backend@1.0.0~premigrate: no script for premigrate, continuing
7 info lifecycle wepad-backend@1.0.0~migrate: wepad-backend@1.0.0
8 verbose lifecycle wepad-backend@1.0.0~migrate: unsafe-perm in lifecycle true
9 verbose lifecycle wepad-backend@1.0.0~migrate: PATH: /usr/local/lib/node_modules/npm/bin/node-gyp-bin:/home/beniesereine/wepad-backend/node_modules/.bin:/usr/local/sbin:/usr/local/bin:/usr/sbin:/usr/bin:/sbin:/bin:/usr/games:/usr/local/games:/snap/bin
10 verbose lifecycle wepad-backend@1.0.0~migrate: CWD: /home/beniesereine/wepad-backend
11 silly lifecycle wepad-backend@1.0.0~migrate: Args: [ '-c',
11 silly lifecycle   'sequelize db:migrate:undo:all && sequelize db:migrate && sequelize db:seed:all' ]
12 silly lifecycle wepad-backend@1.0.0~migrate: Returned: code: 1  signal: null
13 info lifecycle wepad-backend@1.0.0~migrate: Failed to exec migrate script
14 verbose stack Error: wepad-backend@1.0.0 migrate: `sequelize db:migrate:undo:all && sequelize db:migrate && sequelize db:seed:all`
14 verbose stack Exit status 1
14 verbose stack     at EventEmitter.<anonymous> (/usr/local/lib/node_modules/npm/lib/utils/lifecycle.js:255:16)
14 verbose stack     at EventEmitter.emit (events.js:198:13)
14 verbose stack     at ChildProcess.<anonymous> (/usr/local/lib/node_modules/npm/lib/utils/spawn.js:40:14)
14 verbose stack     at ChildProcess.emit (events.js:198:13)
14 verbose stack     at maybeClose (internal/child_process.js:982:16)
14 verbose stack     at Process.ChildProcess._handle.onexit (internal/child_process.js:259:5)
15 verbose pkgid wepad-backend@1.0.0
16 verbose cwd /home/beniesereine/wepad-backend
17 error Linux 5.4.0-58-generic
18 error argv "/usr/bin/node" "/usr/local/bin/npm" "run" "migrate"
19 error node v10.19.0
20 error npm  v3.10.10
21 error code ELIFECYCLE
22 error wepad-backend@1.0.0 migrate: `sequelize db:migrate:undo:all && sequelize db:migrate && sequelize db:seed:all`
22 error Exit status 1
23 error Failed at the wepad-backend@1.0.0 migrate script 'sequelize db:migrate:undo:all && sequelize db:migrate && sequelize db:seed:all'.
23 error Make sure you have the latest version of node.js and npm installed.
23 error If you do, this is most likely a problem with the wepad-backend package,
23 error not with npm itself.
23 error Tell the author that this fails on your system:
23 error     sequelize db:migrate:undo:all && sequelize db:migrate && sequelize db:seed:all
23 error You can get information on how to open an issue for this project with:
23 error     npm bugs wepad-backend
23 error Or if that isn't available, you can get their info via:
23 error     npm owner ls wepad-backend
23 error There is likely additional logging output above.
24 verbose exit [ 1, true ]
